- Meeting conducted
- Topics to learn
	1. Indentation - space, tab
	2. Data types
		a. str
		b. int
		c. float
		d. boolean
		e. lisy
		f. dict
		g. tuple
		h. sey
		i. none
	3. Basic operations
	4. If else
	5. Loops
	6. Function
	7. Class
	8. Object
	9. OOP concepts
       10. self argument
       11. Constructor, destructor
       12. File operations
       13. Positional arguments(args), Keyword arguments(kwargs)
       14. return, yield
       15. try, except
       16. String formatting
       17. Generators
       18. Module importing
       19. Python memory reference
       20. List comprehension
       21. Exception and errors
       22. Code readability, optimization, reliability
       23. Python standards - PEP8
